{"name": "Parameterized test title: adding 1 with 2", "status": "failed", "statusDetails": {"message": "AssertionError: assert (1 + 2) == 5", "trace": "param1 = 1, param2 = 2, expected = 5\n\n    @allure.title(\"Parameterized test title: adding {param1} with {param2}\")\n    @pytest.mark.parametrize('param1,param2,expected', [\n        (2, 2, 4),\n        (1, 2, 5)\n    ])\n    def test_with_parameterized_title(param1, param2, expected):\n>       assert param1 + param2 == expected\nE       assert (1 + 2) == 5\n\ntest_aullure_demo.py:27: AssertionError"}, "parameters": [{"name": "param1", "value": "1"}, {"name": "param2", "value": "2"}, {"name": "expected", "value": "5"}], "start": 1657333699246, "stop": 1657333699247, "uuid": "139b20e2-7d72-430f-918f-a548b3221810", "historyId": "467c6b152521c621001251ae2cb17fb2", "testCaseId": "9835136e0e403b289c3258b588fc9807", "fullName": "test_aullure_demo#test_with_parameterized_title", "labels": [{"name": "suite", "value": "test_aullure_demo"}, {"name": "host", "value": "hb15609"}, {"name": "thread", "value": "59243-MainThread"}, {"name": "framework", "value": "pytest"}, {"name": "language", "value": "cpython3"}, {"name": "package", "value": "test_aullure_demo"}]}